1> 2> 3> 4> 5> (250 rows affected)
1> 2> 3> 4> 5> 6> 7> 8> (2 rows affected)
1> 2> 3> 4> 5> 6> 7> 8> 9> 10> 11> 12> 13> 14> 15> 16> 17> 18> 19> 20> 21> 22> 23> 24> 25> 26> 27> 28> 29> 30> 31> 32> 33> 34> 35> 36> 37> 38> 39> 40> 41> 42> 43> 44> 45> 46> 47> 48> 49> 50> 51> 52> 53> (95 rows affected)
(33 rows affected)
(2463 rows affected)
(672 rows affected)
(145079 rows affected)
(145079 rows affected)
(1064 rows affected)
1> 2> 3> 4> 5> 6> 7> 8> 9> 10> 11> 12> 13> 14> (8 rows affected)
1> 2> 3> 4> 5> 6> 7> (2 rows affected)
1> 2> 3> 4> 5> 6> 7> 8> 9> (16 rows affected)
1> 2> 3> 4> (1 row affected)
1> 2> 3> 4> 5> 6> (1 row affected)
1> 2> 3> 4> 5> (4 rows affected)
1> 2> 3> 4> 5> (1 row affected)
1> 2> 3> 4> 5> 6> 7> 8> 9> 10> 11> 12> 13> 14> 15> 16> 17> 18> 19> 20> 21> 22> 23> 24> 25> 26> 27> 28> 29> 30> 31> 32> 33> 34> 35> 36> 37> 38> 39> 40> 41> 42> 43> 44> 45> 46> 47> 48> 49> 50> 51> 52> 53> 54> 55> 56> 57> 58> 59> 60> 61> 62> 63> 64> 65> 66> 67> 68> 69> 70> 71> 72> 73> 74> 75> 76> 77> 78> 79> 80> 81> (8 rows affected)
(61 rows affected)
(1 row affected)
(0 rows affected)
(7 rows affected)
(17 rows affected)
(72 rows affected)
(16 rows affected)
(3 rows affected)
1> 2> 3> 1> 2> 3> 4> 5> 6> 7> 8> 9> 10> 11> 12> 13> 14> 15> 16> 17> 18> 19> 20> 21> 22> 23> 24> 25> 26> 27> 28> 29> 30> 31> 32> 33> 34> 35> 36> 37> 38> 39> 40> 41> 42> 43> 44> 45> 46> 47> 48> 49> 50> 51> 52> 53> 54> 55> 56> 57> 58> 59> 60> 61> 62> 63> 64> 65> 66> 67> 68> 69> 70> 71> 72> 73> 74> 75> 76> 77> 78> 79> 80> 81> 82> 83> 84> (0 rows affected)
(6 rows affected)
(14 rows affected)
(7 rows affected)
(2 rows affected)
(2 rows affected)
1> 1> 2> 3> 4> 5> 6> 7> 8> 9> 10> 11> 12> 13> 14> 15> 16> 17> 18> 19> 20> 21> 22> 23> 24> 25> 26> 27> 28> 29> 30> 31> 32> 33> 34> 35> 36> 37> 38> 39> 40> 41> 42> 43> 44> 45> 46> 47> 48> 49> 50> 51> 52> 53> 54> 55> 56> 57> 58> 59> 60> 61> 62> 63> 64> (0 rows affected)
(1 row affected)
(1 row affected)
(1 row affected)
(1 row affected)
(1 row affected)
(1 row affected)
(1 row affected)
(1 row affected)
(1 row affected)
(1 row affected)
(1 row affected)
(1 row affected)
1> 2> 1> 2> 3> 4> 5> 6> 7> 8> 9> 10> 11> 12> 13> 14> 15> 16> 17> 18> 19> 20> 21> (9 rows affected)
1> 2> 3> 4> 5> 6> 7> 8> 9> 10> 11> 12> 13> 14> 15> 16> 17> 18> 19> 20> 21> 22> 23> 24> 25> 26> 27> 28> 29> 30> 31> 32> 33> 34> 35> 36> 37> 38> 39> (0 rows affected)
(1 row affected)
(1 row affected)
(1 row affected)
(1 row affected)
(1 row affected)
(1 row affected)
(1 row affected)
(1 row affected)
(1 row affected)
(1 row affected)
(1 row affected)
(1 row affected)
(1 row affected)
(1 row affected)
(1 row affected)
(1 row affected)
(1 row affected)
(1 row affected)
(1 row affected)
(1 row affected)
(1 row affected)
(1 row affected)
(1 row affected)
(1 row affected)
(1 row affected)
(1 row affected)
(1 row affected)
(1 row affected)
(1 row affected)
(1 row affected)
1> 2> 3> 4> 5> 6> 7> 8> 9> 10> 11> 12> 13> 14> 15> 16> 17> 18> 19> 20> 21> 22> 23> 24> 25> 26> 27> 28> 29> 30> 31> 32> 33> 34> 35> 36> 37> 38> 39> 40> 41> 42> 43> 44> 45> 46> 47> 48> 49> 50> 51> 52> 53> 54> 55> 56> 57> 58> 59> 60> 61> 62> 63> 64> 65> 66> 67> 68> 69> 70> 71> 72> 73> 74> 75> 76> 77> 1> 1> 2> 3> 4> 5> 6> 7> 8> 9> 10> 11> 12> 13> (0 rows affected)
(1 row affected)
(1 row affected)
(1 row affected)
(1 row affected)
(1 row affected)
(1 row affected)
(1 row affected)
(1 row affected)
(1 row affected)
(1 row affected)
1> 2> 3> 4> 5> 6> 7> 8> 9> 10> 11> (2 rows affected)
1> 